<?xml version="1.0" encoding="UTF-8"?>
<!-- Generated by org.testng.reporters.JUnitXMLReporter -->
<testsuite hostname="Users-MacBook-Pro.local" name="Test" tests="5" failures="4" timestamp="10 Sep 2020 14:26:44 GMT" time="7.371" errors="0">
  <testcase name="DateTest" time="0.051" classname="com.Tests.LoginTest">
    <failure type="java.lang.AssertionError" message="Website is not showing Current Date expected [Sep 10, 2020] but found [Jul 6, 2017]">
      <![CDATA[java.lang.AssertionError: Website is not showing Current Date expected [Sep 10, 2020] but found [Jul 6, 2017]
	at com.Tests.LoginTest.DateTest(LoginTest.java:53)
	at org.apache.maven.surefire.testng.TestNGExecutor.run(TestNGExecutor.java:295)
	at org.apache.maven.surefire.testng.TestNGXmlTestSuite.execute(TestNGXmlTestSuite.java:84)
	at org.apache.maven.surefire.testng.TestNGProvider.invoke(TestNGProvider.java:90)
	at org.apache.maven.surefire.booter.ForkedBooter.invokeProviderInSameClassLoader(ForkedBooter.java:203)
	at org.apache.maven.surefire.booter.ForkedBooter.runSuitesInProcess(ForkedBooter.java:155)
	at org.apache.maven.surefire.booter.ForkedBooter.main(ForkedBooter.java:103)
... Removed 25 stack frames]]>
    </failure>
  </testcase> <!-- DateTest -->
  <testcase name="ImageTest" time="0.023" classname="com.Tests.LoginTest"/>
  <testcase name="loginTestCheck" time="0.589" classname="com.Tests.LoginTest">
    <failure type="java.lang.AssertionError" message="successful signin expected [true] but found [false]">
      <![CDATA[java.lang.AssertionError: successful signin expected [true] but found [false]
	at com.Tests.LoginTest.loginTestCheck(LoginTest.java:64)
	at org.apache.maven.surefire.testng.TestNGExecutor.run(TestNGExecutor.java:295)
	at org.apache.maven.surefire.testng.TestNGXmlTestSuite.execute(TestNGXmlTestSuite.java:84)
	at org.apache.maven.surefire.testng.TestNGProvider.invoke(TestNGProvider.java:90)
	at org.apache.maven.surefire.booter.ForkedBooter.invokeProviderInSameClassLoader(ForkedBooter.java:203)
	at org.apache.maven.surefire.booter.ForkedBooter.runSuitesInProcess(ForkedBooter.java:155)
	at org.apache.maven.surefire.booter.ForkedBooter.main(ForkedBooter.java:103)
... Removed 25 stack frames]]>
    </failure>
  </testcase> <!-- loginTestCheck -->
  <testcase name="loginTestCheck" time="0.656" classname="com.Tests.LoginTest">
    <failure type="java.lang.AssertionError" message="successful signin expected [true] but found [false]">
      <![CDATA[java.lang.AssertionError: successful signin expected [true] but found [false]
	at com.Tests.LoginTest.loginTestCheck(LoginTest.java:64)
	at org.apache.maven.surefire.testng.TestNGExecutor.run(TestNGExecutor.java:295)
	at org.apache.maven.surefire.testng.TestNGXmlTestSuite.execute(TestNGXmlTestSuite.java:84)
	at org.apache.maven.surefire.testng.TestNGProvider.invoke(TestNGProvider.java:90)
	at org.apache.maven.surefire.booter.ForkedBooter.invokeProviderInSameClassLoader(ForkedBooter.java:203)
	at org.apache.maven.surefire.booter.ForkedBooter.runSuitesInProcess(ForkedBooter.java:155)
	at org.apache.maven.surefire.booter.ForkedBooter.main(ForkedBooter.java:103)
... Removed 25 stack frames]]>
    </failure>
  </testcase> <!-- loginTestCheck -->
  <testcase name="loginTestCheck" time="0.919" classname="com.Tests.LoginTest">
    <failure type="java.lang.AssertionError" message="Un-successful signin expected [true] but found [false]">
      <![CDATA[java.lang.AssertionError: Un-successful signin expected [true] but found [false]
	at com.Tests.LoginTest.loginTestCheck(LoginTest.java:70)
	at org.apache.maven.surefire.testng.TestNGExecutor.run(TestNGExecutor.java:295)
	at org.apache.maven.surefire.testng.TestNGXmlTestSuite.execute(TestNGXmlTestSuite.java:84)
	at org.apache.maven.surefire.testng.TestNGProvider.invoke(TestNGProvider.java:90)
	at org.apache.maven.surefire.booter.ForkedBooter.invokeProviderInSameClassLoader(ForkedBooter.java:203)
	at org.apache.maven.surefire.booter.ForkedBooter.runSuitesInProcess(ForkedBooter.java:155)
	at org.apache.maven.surefire.booter.ForkedBooter.main(ForkedBooter.java:103)
... Removed 25 stack frames]]>
    </failure>
  </testcase> <!-- loginTestCheck -->
</testsuite> <!-- Test -->
